2025-08-19 19:51:35,298 - <module> - INFO - Test has started
2025-08-19 19:51:35,299 - XpertLogin - INFO - Location email
2025-08-19 19:51:35,309 - <module> - INFO - Login function executed successfully
2025-08-19 19:56:27,739 - <module> - INFO - Test has started
2025-08-19 19:56:27,751 - XpertLogin - INFO - Email element located
2025-08-19 19:56:27,818 - XpertLogin - INFO - Sent username
2025-08-19 19:56:27,830 - XpertLogin - INFO - Sent password
2025-08-19 19:56:32,842 - XpertLogin - INFO - Clicked login button
2025-08-19 19:56:38,118 - XpertLogin - INFO - Logged out
2025-08-19 19:56:38,118 - <module> - INFO - Login function executed successfully
2025-08-19 20:00:22,042 - <module> - INFO - Test has started
2025-08-19 20:00:22,053 - XpertLogin - INFO - Email element located
2025-08-19 20:00:22,077 - XpertLogin - INFO - Sent username
2025-08-19 20:00:22,086 - XpertLogin - INFO - Sent password
2025-08-19 20:00:26,740 - XpertLogin - INFO - Clicked login button
2025-08-19 20:00:26,741 - <module> - INFO - Login function executed successfully
2025-08-19 20:45:52,684 - <module> - INFO - Test has started
2025-08-19 20:45:52,699 - XpertLogin - INFO - Email element located
2025-08-19 20:45:52,721 - XpertLogin - INFO - Sent username
2025-08-19 20:45:52,734 - XpertLogin - INFO - Sent password
2025-08-19 20:46:06,862 - XpertLogin - INFO - Clicked login button
2025-08-19 20:46:06,862 - <module> - INFO - Login function executed successfully
2025-08-19 20:46:36,386 - <module> - INFO - Test has started
2025-08-19 20:46:36,400 - XpertLogin - INFO - Email element located
2025-08-19 20:46:36,421 - XpertLogin - INFO - Sent username
2025-08-19 20:46:36,434 - XpertLogin - INFO - Sent password
2025-08-19 20:46:45,665 - XpertLogin - INFO - Clicked login button
2025-08-19 20:46:45,665 - <module> - INFO - Login function executed successfully
2025-08-19 20:49:08,710 - <module> - INFO - Test has started
2025-08-19 20:49:08,729 - XpertLogin - INFO - Email element located
2025-08-19 20:49:08,755 - XpertLogin - INFO - Sent username
2025-08-19 20:49:08,768 - XpertLogin - INFO - Sent password
2025-08-19 20:49:25,591 - XpertLogin - INFO - Clicked login button
2025-08-19 20:49:25,591 - <module> - INFO - Login function executed successfully
2025-08-19 20:54:42,508 - <module> - INFO - Test has started
2025-08-19 20:54:42,519 - XpertLogin - INFO - Email element located
2025-08-19 20:54:42,541 - XpertLogin - INFO - Sent username
2025-08-19 20:54:42,550 - XpertLogin - INFO - Sent password
2025-08-19 20:54:48,936 - XpertLogin - INFO - Clicked login button
2025-08-19 20:54:49,443 - XpertLogin - INFO - Dashboard element found – login successful
2025-08-19 20:54:49,443 - <module> - INFO - Login function executed successfully
